01:44:33 **** Incremental Build of configuration Nios II for project finalproject ****
make all 
Info: Building ../finalproject_bsp/
C:/intelFPGA_lite/18.1/nios2eds/bin/gnu/H-x86_64-mingw32/bin/make --no-print-directory -C ../finalproject_bsp/
obj/HAL/src/alt_alarm_start.d:1: warning: NUL character seen; rest of line ignored
obj/HAL/src/alt_alarm_start.d:2: warning: NUL character seen; rest of line ignored
obj/HAL/src/alt_alarm_start.d:3: warning: NUL character seen; rest of line ignored
obj/HAL/src/alt_busy_sleep.d:1: warning: NUL character seen; rest of line ignored
obj/HAL/src/alt_busy_sleep.d:2: warning: NUL character seen; rest of line ignored
obj/HAL/src/alt_dcache_flush.d:1: warning: NUL character seen; rest of line ignored
obj/HAL/src/alt_dcache_flush.d:2: warning: NUL character seen; rest of line ignored
obj/HAL/src/alt_dcache_flush_all.d:1: warning: NUL character seen; rest of line ignored
obj/HAL/src/alt_dcache_flush_all.d:2: warning: NUL character seen; rest of line ignored
obj/HAL/src/alt_dcache_flush_no_writeback.d:1: warning: NUL character seen; rest of line ignored
obj/HAL/src/alt_dcache_flush_no_writeback.d:2: warning: NUL character seen; rest of line ignored
obj/HAL/src/alt_dev.d:1: warning: NUL character seen; rest of line ignored
obj/HAL/src/alt_dev.d:2: warning: NUL character seen; rest of line ignored
obj/HAL/src/alt_dev.d:3: warning: NUL character seen; rest of line ignored
obj/HAL/src/alt_ecc_fatal_exception.d:1: warning: NUL character seen; rest of line ignored
obj/HAL/src/alt_ecc_fatal_exception.d:2: warning: NUL character seen; rest of line ignored
obj/HAL/src/alt_exception_entry.d:1: warning: NUL character seen; rest of line ignored
obj/HAL/src/alt_exit.d:1: warning: NUL character seen; rest of line ignored
obj/HAL/src/alt_exit.d:2: warning: NUL character seen; rest of line ignored
obj/HAL/src/alt_exit.d:3: warning: NUL character seen; rest of line ignored
obj/HAL/src/alt_fcntl.d:1: warning: NUL character seen; rest of line ignored
obj/HAL/src/alt_fcntl.d:2: warning: NUL character seen; rest of line ignored
obj/HAL/src/alt_fcntl.d:3: warning: NUL character seen; rest of line ignored
obj/HAL/src/alt_fd_lock.d:1: warning: NUL character seen; rest of line ignored
obj/HAL/src/alt_fd_lock.d:2: warning: NUL character seen; rest of line ignored
obj/HAL/src/alt_fd_lock.d:3: warning: NUL character seen; rest of line ignored
obj/HAL/src/alt_fd_unlock.d:1: warning: NUL character seen; rest of line ignored
obj/HAL/src/alt_fd_unlock.d:2: warning: NUL character seen; rest of line ignored
obj/HAL/src/alt_fd_unlock.d:3: warning: NUL character seen; rest of line ignored
obj/HAL/src/alt_find_dev.d:1: warning: NUL character seen; rest of line ignored
obj/HAL/src/alt_find_dev.d:2: warning: NUL character seen; rest of line ignored
obj/HAL/src/alt_find_dev.d:3: warning: NUL character seen; rest of line ignored
obj/HAL/src/alt_find_file.d:1: warning: NUL character seen; rest of line ignored
obj/HAL/src/alt_find_file.d:2: warning: NUL character seen; rest of line ignored
obj/HAL/src/alt_find_file.d:3: warning: NUL character seen; rest of line ignored
obj/HAL/src/alt_flash_dev.d:1: warning: NUL character seen; rest of line ignored
obj/HAL/src/alt_flash_dev.d:2: warning: NUL character seen; rest of line ignored
obj/HAL/src/alt_flash_dev.d:3: warning: NUL character seen; rest of line ignored
obj/HAL/src/alt_flash_dev.d:4: warning: NUL character seen; rest of line ignored
obj/HAL/src/alt_fs_reg.d:1: warning: NUL character seen; rest of line ignored
obj/HAL/src/alt_fs_reg.d:2: warning: NUL character seen; rest of line ignored
obj/HAL/src/alt_fs_reg.d:3: warning: NUL character seen; rest of line ignored
obj/HAL/src/alt_get_fd.d:1: warning: NUL character seen; rest of line ignored
obj/HAL/src/alt_get_fd.d:2: warning: NUL character seen; rest of line ignored
obj/HAL/src/alt_get_fd.d:3: warning: NUL character seen; rest of line ignored
obj/HAL/src/alt_gmon.d:1: warning: NUL character seen; rest of line ignored
obj/HAL/src/alt_gmon.d:2: warning: NUL character seen; rest of line ignored
obj/HAL/src/alt_gmon.d:3: warning: NUL character seen; rest of line ignored
obj/HAL/src/alt_icache_flush.d:1: warning: NUL character seen; rest of line ignored
obj/HAL/src/alt_icache_flush.d:2: warning: NUL character seen; rest of line ignored
obj/HAL/src/alt_icache_flush_all.d:1: warning: NUL character seen; rest of line ignored
obj/HAL/src/alt_icache_flush_all.d:2: warning: NUL character seen; rest of line ignored
obj/HAL/src/alt_iic.d:1: warning: NUL character seen; rest of line ignored
obj/HAL/src/alt_iic.d:2: warning: NUL character seen; rest of line ignored
obj/HAL/src/alt_iic_isr_register.d:1: warning: NUL character seen; rest of line ignored
obj/HAL/src/alt_iic_isr_register.d:2: warning: NUL character seen; rest of line ignored
obj/HAL/src/alt_iic_isr_register.d:3: warning: NUL character seen; rest of line ignored
obj/HAL/src/alt_instruction_exception_entry.d:1: warning: NUL character seen; rest of line ignored
obj/HAL/src/alt_instruction_exception_entry.d:2: warning: NUL character seen; rest of line ignored
obj/HAL/src/alt_instruction_exception_register.d:1: warning: NUL character seen; rest of line ignored
obj/HAL/src/alt_instruction_exception_register.d:2: warning: NUL character seen; rest of line ignored
obj/HAL/src/alt_io_redirect.d:1: warning: NUL character seen; rest of line ignored
obj/HAL/src/alt_io_redirect.d:2: warning: NUL character seen; rest of line ignored
obj/HAL/src/alt_io_redirect.d:3: warning: NUL character seen; rest of line ignored
obj/HAL/src/alt_irq_entry.d:1: warning: NUL character seen; rest of line ignored
obj/HAL/src/alt_irq_handler.d:1: warning: NUL character seen; rest of line ignored
obj/HAL/src/alt_irq_handler.d:2: warning: NUL character seen; rest of line ignored
obj/HAL/src/alt_irq_register.d:1: warning: NUL character seen; rest of line ignored
obj/HAL/src/alt_irq_register.d:2: warning: NUL character seen; rest of line ignored
obj/HAL/src/alt_irq_register.d:3: warning: NUL character seen; rest of line ignored
obj/HAL/src/alt_irq_vars.d:1: warning: NUL character seen; rest of line ignored
obj/HAL/src/alt_main.d:1: warning: NUL character seen; rest of line ignored
obj/HAL/src/alt_main.d:2: warning: NUL character seen; rest of line ignored
obj/HAL/src/alt_main.d:3: warning: NUL character seen; rest of line ignored
obj/HAL/src/alt_main.d:4: warning: NUL character seen; rest of line ignored
obj/HAL/src/alt_write.d:1: warning: NUL character seen; rest of line ignored
obj/HAL/src/alt_write.d:2: warning: NUL character seen; rest of line ignored
obj/HAL/src/alt_write.d:3: warning: NUL character seen; rest of line ignored
obj/HAL/src/alt_write.d:4: warning: NUL character seen; rest of line ignored
obj/alt_sys_init.d:1: warning: NUL character seen; rest of line ignored
obj/alt_sys_init.d:2: warning: NUL character seen; rest of line ignored
obj/alt_sys_init.d:3: warning: NUL character seen; rest of line ignored
obj/alt_sys_init.d:4: warning: NUL character seen; rest of line ignored
obj/alt_sys_init.d:5: warning: NUL character seen; rest of line ignored
obj/alt_sys_init.d:6: warning: NUL character seen; rest of line ignored
obj/alt_sys_init.d:7: warning: NUL character seen; rest of line ignored
obj/drivers/src/altera_avalon_jtag_uart_fd.d:1: warning: NUL character seen; rest of line ignored
obj/drivers/src/altera_avalon_jtag_uart_fd.d:2: warning: NUL character seen; rest of line ignored
obj/drivers/src/altera_avalon_jtag_uart_fd.d:3: warning: NUL character seen; rest of line ignored
obj/drivers/src/altera_avalon_jtag_uart_fd.d:4: warning: NUL character seen; rest of line ignored
obj/drivers/src/altera_avalon_jtag_uart_fd.d:5: warning: NUL character seen; rest of line ignored
obj/drivers/src/altera_avalon_jtag_uart_init.d:1: warning: NUL character seen; rest of line ignored
obj/drivers/src/altera_avalon_jtag_uart_init.d:2: warning: NUL character seen; rest of line ignored
obj/drivers/src/altera_avalon_jtag_uart_init.d:3: warning: NUL character seen; rest of line ignored
obj/drivers/src/altera_avalon_jtag_uart_init.d:4: warning: NUL character seen; rest of line ignored
obj/drivers/src/altera_avalon_jtag_uart_init.d:5: warning: NUL character seen; rest of line ignored
obj/drivers/src/altera_avalon_jtag_uart_init.d:6: warning: NUL character seen; rest of line ignored
obj/drivers/src/altera_avalon_jtag_uart_init.d:7: warning: NUL character seen; rest of line ignored
obj/drivers/src/altera_avalon_jtag_uart_ioctl.d:1: warning: NUL character seen; rest of line ignored
obj/drivers/src/altera_avalon_jtag_uart_ioctl.d:2: warning: NUL character seen; rest of line ignored
obj/drivers/src/altera_avalon_jtag_uart_ioctl.d:3: warning: NUL character seen; rest of line ignored
obj/drivers/src/altera_avalon_jtag_uart_ioctl.d:4: warning: NUL character seen; rest of line ignored
obj/drivers/src/altera_avalon_jtag_uart_ioctl.d:5: warning: NUL character seen; rest of line ignored
obj/drivers/src/altera_avalon_jtag_uart_ioctl.d:6: warning: NUL character seen; rest of line ignored
obj/drivers/src/altera_avalon_jtag_uart_read.d:1: warning: NUL character seen; rest of line ignored
obj/drivers/src/altera_avalon_jtag_uart_read.d:2: warning: NUL character seen; rest of line ignored
obj/drivers/src/altera_avalon_jtag_uart_read.d:3: warning: NUL character seen; rest of line ignored
obj/drivers/src/altera_avalon_jtag_uart_read.d:4: warning: NUL character seen; rest of line ignored
obj/drivers/src/altera_avalon_jtag_uart_read.d:5: warning: NUL character seen; rest of line ignored
obj/drivers/src/altera_avalon_jtag_uart_read.d:6: warning: NUL character seen; rest of line ignored
obj/drivers/src/altera_avalon_jtag_uart_read.d:7: warning: NUL character seen; rest of line ignored
obj/drivers/src/altera_avalon_jtag_uart_write.d:1: warning: NUL character seen; rest of line ignored
obj/drivers/src/altera_avalon_jtag_uart_write.d:2: warning: NUL character seen; rest of line ignored
obj/drivers/src/altera_avalon_jtag_uart_write.d:3: warning: NUL character seen; rest of line ignored
obj/drivers/src/altera_avalon_jtag_uart_write.d:4: warning: NUL character seen; rest of line ignored
obj/drivers/src/altera_avalon_jtag_uart_write.d:5: warning: NUL character seen; rest of line ignored
obj/drivers/src/altera_avalon_jtag_uart_write.d:6: warning: NUL character seen; rest of line ignored
obj/drivers/src/altera_avalon_jtag_uart_write.d:7: warning: NUL character seen; rest of line ignored
obj/drivers/src/altera_avalon_timer_sc.d:1: warning: NUL character seen; rest of line ignored
obj/drivers/src/altera_avalon_timer_sc.d:2: warning: NUL character seen; rest of line ignored
obj/drivers/src/altera_avalon_timer_sc.d:3: warning: NUL character seen; rest of line ignored
obj/drivers/src/altera_avalon_timer_sc.d:4: warning: NUL character seen; rest of line ignored
obj/drivers/src/altera_avalon_timer_sc.d:5: warning: NUL character seen; rest of line ignored
obj/drivers/src/altera_avalon_timer_ts.d:1: warning: NUL character seen; rest of line ignored
obj/drivers/src/altera_avalon_timer_ts.d:2: warning: NUL character seen; rest of line ignored
obj/drivers/src/altera_avalon_timer_ts.d:3: warning: NUL character seen; rest of line ignored
obj/drivers/src/altera_avalon_timer_ts.d:4: warning: NUL character seen; rest of line ignored
obj/drivers/src/altera_avalon_timer_vars.d:1: warning: NUL character seen; rest of line ignored
obj/drivers/src/altera_avalon_timer_vars.d:2: warning: NUL character seen; rest of line ignored
obj/drivers/src/altera_avalon_timer_vars.d:3: warning: NUL character seen; rest of line ignored
Compiling alt_close.c...
nios2-elf-gcc -xc -MP -MMD -c  -I./HAL/inc -I. -I./drivers/inc -pipe -D__hal__ -DALT_NO_INSTRUCTION_EMULATION -DALT_SINGLE_THREADED    -O0 -g -Wall  -mno-hw-div -mno-hw-mul -mno-hw-mulx -mgpopt=global   -o obj/HAL/src/alt_close.o HAL/src/alt_close.c
Compiling alt_dma_rxchan_open.c...
nios2-elf-gcc -xc -MP -MMD -c  -I./HAL/inc -I. -I./drivers/inc -pipe -D__hal__ -DALT_NO_INSTRUCTION_EMULATION -DALT_SINGLE_THREADED    -O0 -g -Wall  -mno-hw-div -mno-hw-mul -mno-hw-mulx -mgpopt=global   -o obj/HAL/src/alt_dma_rxchan_open.o HAL/src/alt_dma_rxchan_open.c
Compiling alt_dma_txchan_open.c...
nios2-elf-gcc -xc -MP -MMD -c  -I./HAL/inc -I. -I./drivers/inc -pipe -D__hal__ -DALT_NO_INSTRUCTION_EMULATION -DALT_SINGLE_THREADED    -O0 -g -Wall  -mno-hw-div -mno-hw-mul -mno-hw-mulx -mgpopt=global   -o obj/HAL/src/alt_dma_txchan_open.o HAL/src/alt_dma_txchan_open.c
Compiling alt_fstat.c...
nios2-elf-gcc -xc -MP -MMD -c  -I./HAL/inc -I. -I./drivers/inc -pipe -D__hal__ -DALT_NO_INSTRUCTION_EMULATION -DALT_SINGLE_THREADED    -O0 -g -Wall  -mno-hw-div -mno-hw-mul -mno-hw-mulx -mgpopt=global   -o obj/HAL/src/alt_fstat.o HAL/src/alt_fstat.c
Compiling alt_ioctl.c...
nios2-elf-gcc -xc -MP -MMD -c  -I./HAL/inc -I. -I./drivers/inc -pipe -D__hal__ -DALT_NO_INSTRUCTION_EMULATION -DALT_SINGLE_THREADED    -O0 -g -Wall  -mno-hw-div -mno-hw-mul -mno-hw-mulx -mgpopt=global   -o obj/HAL/src/alt_ioctl.o HAL/src/alt_ioctl.c
Compiling alt_isatty.c...
nios2-elf-gcc -xc -MP -MMD -c  -I./HAL/inc -I. -I./drivers/inc -pipe -D__hal__ -DALT_NO_INSTRUCTION_EMULATION -DALT_SINGLE_THREADED    -O0 -g -Wall  -mno-hw-div -mno-hw-mul -mno-hw-mulx -mgpopt=global   -o obj/HAL/src/alt_isatty.o HAL/src/alt_isatty.c
Compiling alt_lseek.c...
nios2-elf-gcc -xc -MP -MMD -c  -I./HAL/inc -I. -I./drivers/inc -pipe -D__hal__ -DALT_NO_INSTRUCTION_EMULATION -DALT_SINGLE_THREADED    -O0 -g -Wall  -mno-hw-div -mno-hw-mul -mno-hw-mulx -mgpopt=global   -o obj/HAL/src/alt_lseek.o HAL/src/alt_lseek.c
Compiling alt_open.c...
nios2-elf-gcc -xc -MP -MMD -c  -I./HAL/inc -I. -I./drivers/inc -pipe -D__hal__ -DALT_NO_INSTRUCTION_EMULATION -DALT_SINGLE_THREADED    -O0 -g -Wall  -mno-hw-div -mno-hw-mul -mno-hw-mulx -mgpopt=global   -o obj/HAL/src/alt_open.o HAL/src/alt_open.c
Compiling alt_read.c...
nios2-elf-gcc -xc -MP -MMD -c  -I./HAL/inc -I. -I./drivers/inc -pipe -D__hal__ -DALT_NO_INSTRUCTION_EMULATION -DALT_SINGLE_THREADED    -O0 -g -Wall  -mno-hw-div -mno-hw-mul -mno-hw-mulx -mgpopt=global   -o obj/HAL/src/alt_read.o HAL/src/alt_read.c
Compiling alt_release_fd.c...
nios2-elf-gcc -xc -MP -MMD -c  -I./HAL/inc -I. -I./drivers/inc -pipe -D__hal__ -DALT_NO_INSTRUCTION_EMULATION -DALT_SINGLE_THREADED    -O0 -g -Wall  -mno-hw-div -mno-hw-mul -mno-hw-mulx -mgpopt=global   -o obj/HAL/src/alt_release_fd.o HAL/src/alt_release_fd.c
Compiling alt_remap_cached.c...
nios2-elf-gcc -xc -MP -MMD -c  -I./HAL/inc -I. -I./drivers/inc -pipe -D__hal__ -DALT_NO_INSTRUCTION_EMULATION -DALT_SINGLE_THREADED    -O0 -g -Wall  -mno-hw-div -mno-hw-mul -mno-hw-mulx -mgpopt=global   -o obj/HAL/src/alt_remap_cached.o HAL/src/alt_remap_cached.c
Compiling alt_remap_uncached.c...
nios2-elf-gcc -xc -MP -MMD -c  -I./HAL/inc -I. -I./drivers/inc -pipe -D__hal__ -DALT_NO_INSTRUCTION_EMULATION -DALT_SINGLE_THREADED    -O0 -g -Wall  -mno-hw-div -mno-hw-mul -mno-hw-mulx -mgpopt=global   -o obj/HAL/src/alt_remap_uncached.o HAL/src/alt_remap_uncached.c
Compiling alt_sbrk.c...
nios2-elf-gcc -xc -MP -MMD -c  -I./HAL/inc -I. -I./drivers/inc -pipe -D__hal__ -DALT_NO_INSTRUCTION_EMULATION -DALT_SINGLE_THREADED    -O0 -g -Wall  -mno-hw-div -mno-hw-mul -mno-hw-mulx -mgpopt=global   -o obj/HAL/src/alt_sbrk.o HAL/src/alt_sbrk.c
Compiling alt_software_exception.S...
nios2-elf-gcc -MP -MMD -c   -O0 -g -Wall  -mno-hw-div -mno-hw-mul -mno-hw-mulx -mgpopt=global    -I./HAL/inc -I. -I./drivers/inc -pipe -D__hal__ -DALT_NO_INSTRUCTION_EMULATION -DALT_SINGLE_THREADED  -Wa,-gdwarf2  -o obj/HAL/src/alt_software_exception.o HAL/src/alt_software_exception.S
Compiling alt_tick.c...
nios2-elf-gcc -xc -MP -MMD -c  -I./HAL/inc -I. -I./drivers/inc -pipe -D__hal__ -DALT_NO_INSTRUCTION_EMULATION -DALT_SINGLE_THREADED    -O0 -g -Wall  -mno-hw-div -mno-hw-mul -mno-hw-mulx -mgpopt=global   -o obj/HAL/src/alt_tick.o HAL/src/alt_tick.c
Compiling alt_uncached_free.c...
nios2-elf-gcc -xc -MP -MMD -c  -I./HAL/inc -I. -I./drivers/inc -pipe -D__hal__ -DALT_NO_INSTRUCTION_EMULATION -DALT_SINGLE_THREADED    -O0 -g -Wall  -mno-hw-div -mno-hw-mul -mno-hw-mulx -mgpopt=global   -o obj/HAL/src/alt_uncached_free.o HAL/src/alt_uncached_free.c
Compiling alt_uncached_malloc.c...
nios2-elf-gcc -xc -MP -MMD -c  -I./HAL/inc -I. -I./drivers/inc -pipe -D__hal__ -DALT_NO_INSTRUCTION_EMULATION -DALT_SINGLE_THREADED    -O0 -g -Wall  -mno-hw-div -mno-hw-mul -mno-hw-mulx -mgpopt=global   -o obj/HAL/src/alt_uncached_malloc.o HAL/src/alt_uncached_malloc.c
Compiling altera_nios2_gen2_irq.c...
nios2-elf-gcc -xc -MP -MMD -c  -I./HAL/inc -I. -I./drivers/inc -pipe -D__hal__ -DALT_NO_INSTRUCTION_EMULATION -DALT_SINGLE_THREADED    -O0 -g -Wall  -mno-hw-div -mno-hw-mul -mno-hw-mulx -mgpopt=global   -o obj/HAL/src/altera_nios2_gen2_irq.o HAL/src/altera_nios2_gen2_irq.c
Compiling crt0.S...
nios2-elf-gcc -MP -MMD -c   -O0 -g -Wall  -mno-hw-div -mno-hw-mul -mno-hw-mulx -mgpopt=global    -I./HAL/inc -I. -I./drivers/inc -pipe -D__hal__ -DALT_NO_INSTRUCTION_EMULATION -DALT_SINGLE_THREADED  -Wa,-gdwarf2  -o obj/HAL/src/crt0.o HAL/src/crt0.S
Compiling altera_avalon_sysid_qsys.c...
nios2-elf-gcc -xc -MP -MMD -c  -I./HAL/inc -I. -I./drivers/inc -pipe -D__hal__ -DALT_NO_INSTRUCTION_EMULATION -DALT_SINGLE_THREADED    -O0 -g -Wall  -mno-hw-div -mno-hw-mul -mno-hw-mulx -mgpopt=global   -o obj/drivers/src/altera_avalon_sysid_qsys.o drivers/src/altera_avalon_sysid_qsys.c
Creating libhal_bsp.a...
rm -f -f libhal_bsp.a
nios2-elf-ar -src libhal_bsp.a obj/HAL/src/alt_alarm_start.o obj/HAL/src/alt_busy_sleep.o obj/HAL/src/alt_close.o obj/HAL/src/alt_dcache_flush.o obj/HAL/src/alt_dcache_flush_all.o obj/HAL/src/alt_dcache_flush_no_writeback.o obj/HAL/src/alt_dev.o obj/HAL/src/alt_dev_llist_insert.o obj/HAL/src/alt_dma_rxchan_open.o obj/HAL/src/alt_dma_txchan_open.o obj/HAL/src/alt_do_ctors.o obj/HAL/src/alt_do_dtors.o obj/HAL/src/alt_ecc_fatal_entry.o obj/HAL/src/alt_ecc_fatal_exception.o obj/HAL/src/alt_env_lock.o obj/HAL/src/alt_environ.o obj/HAL/src/alt_errno.o obj/HAL/src/alt_exception_entry.o obj/HAL/src/alt_exception_muldiv.o obj/HAL/src/alt_exception_trap.o obj/HAL/src/alt_execve.o obj/HAL/src/alt_exit.o obj/HAL/src/alt_fcntl.o obj/HAL/src/alt_fd_lock.o obj/HAL/src/alt_fd_unlock.o obj/HAL/src/alt_find_dev.o obj/HAL/src/alt_find_file.o obj/HAL/src/alt_flash_dev.o obj/HAL/src/alt_fork.o obj/HAL/src/alt_fs_reg.o obj/HAL/src/alt_fstat.o obj/HAL/src/alt_get_fd.o obj/HAL/src/alt_getchar.o obj/HAL/src/alt_getpid.o obj/HAL/src/alt_gettod.o obj/HAL/src/alt_gmon.o obj/HAL/src/alt_icache_flush.o obj/HAL/src/alt_icache_flush_all.o obj/HAL/src/alt_iic.o obj/HAL/src/alt_iic_isr_register.o obj/HAL/src/alt_instruction_exception_entry.o obj/HAL/src/alt_instruction_exception_register.o obj/HAL/src/alt_io_redirect.o obj/HAL/src/alt_ioctl.o obj/HAL/src/alt_irq_entry.o obj/HAL/src/alt_irq_handler.o obj/HAL/src/alt_irq_register.o obj/HAL/src/alt_irq_vars.o obj/HAL/src/alt_isatty.o obj/HAL/src/alt_kill.o obj/HAL/src/alt_link.o obj/HAL/src/alt_load.o obj/HAL/src/alt_log_macro.o obj/HAL/src/alt_log_printf.o obj/HAL/src/alt_lseek.o obj/HAL/src/alt_main.o obj/HAL/src/alt_malloc_lock.o obj/HAL/src/alt_mcount.o obj/HAL/src/alt_open.o obj/HAL/src/alt_printf.o obj/HAL/src/alt_putchar.o obj/HAL/src/alt_putcharbuf.o obj/HAL/src/alt_putstr.o obj/HAL/src/alt_read.o obj/HAL/src/alt_release_fd.o obj/HAL/src/alt_remap_cached.o obj/HAL/src/alt_remap_uncached.o obj/HAL/src/alt_rename.o obj/HAL/src/alt_sbrk.o obj/HAL/src/alt_settod.o obj/HAL/src/alt_software_exception.o obj/HAL/src/alt_stat.o obj/HAL/src/alt_tick.o obj/HAL/src/alt_times.o obj/HAL/src/alt_uncached_free.o obj/HAL/src/alt_uncached_malloc.o obj/HAL/src/alt_unlink.o obj/HAL/src/alt_usleep.o obj/HAL/src/alt_wait.o obj/HAL/src/alt_write.o obj/HAL/src/altera_nios2_gen2_irq.o obj/HAL/src/crt0.o obj/alt_sys_init.o obj/drivers/src/altera_avalon_jtag_uart_fd.o obj/drivers/src/altera_avalon_jtag_uart_init.o obj/drivers/src/altera_avalon_jtag_uart_ioctl.o obj/drivers/src/altera_avalon_jtag_uart_read.o obj/drivers/src/altera_avalon_jtag_uart_write.o obj/drivers/src/altera_avalon_spi.o obj/drivers/src/altera_avalon_sysid_qsys.o obj/drivers/src/altera_avalon_timer_sc.o obj/drivers/src/altera_avalon_timer_ts.o obj/drivers/src/altera_avalon_timer_vars.o
[BSP build complete]
Info: Compiling text_mode_vga_color.c to obj/default/text_mode_vga_color.o
nios2-elf-gcc -xc -MP -MMD -c -I../finalproject_bsp//HAL/inc -I../finalproject_bsp/ -I../finalproject_bsp//drivers/inc  -pipe -D__hal__ -DALT_NO_INSTRUCTION_EMULATION -DALT_SINGLE_THREADED    -O0 -g -Wall   -mno-hw-div -mno-hw-mul -mno-hw-mulx -mgpopt=global  -o obj/default/text_mode_vga_color.o text_mode_vga_color.c
In file included from text_mode_vga_color.c:10:0:
../finalproject_bsp/system.h:190:41: warning: initialization makes pointer from integer without a cast [-Wint-conversion]
 #define VGA_TEXT_MODE_CONTROLLER_0_BASE 0x8000
                                         ^
text_mode_vga_color.h:37:52: note: in expansion of macro 'VGA_TEXT_MODE_CONTROLLER_0_BASE'
 static volatile struct TEXT_VGA_STRUCT* vga_ctrl = VGA_TEXT_MODE_CONTROLLER_0_BASE;
                                                    ^
text_mode_vga_color.c: In function 'setColorPalette':
text_mode_vga_color.c:42:10: warning: unused variable 'palette' [-Wunused-variable]
  alt_u32 palette = 0;
          ^
text_mode_vga_color.c: In function 'textVGAColorHexQuiz':
text_mode_vga_color.c:265:5: warning: implicit declaration of function 'usleep' [-Wimplicit-function-declaration]
     usleep(500000); //pause for 1 seconds before clearing the screen
     ^
text_mode_vga_color.c:201:20: warning: variable 'y' set but not used [-Wunused-but-set-variable]
     int fg, bg, x, y;
                    ^
text_mode_vga_color.c:201:17: warning: variable 'x' set but not used [-Wunused-but-set-variable]
     int fg, bg, x, y;
                 ^
text_mode_vga_color.c:198:6: warning: unused variable 'button_press' [-Wunused-variable]
  int button_press;
      ^
text_mode_vga_color.c:196:25: warning: unused variable 'buttons' [-Wunused-variable]
  volatile unsigned int *buttons = (unsigned int*)0x1d0;
                         ^
text_mode_vga_color.c:195:25: warning: unused variable 'reset_PIO' [-Wunused-variable]
  volatile unsigned int *reset_PIO = (unsigned int*)0x70;
                         ^
Info: Linking finalproject.elf
nios2-elf-g++  -T'../finalproject_bsp//linker.x' -msys-crt0='../finalproject_bsp//obj/HAL/src/crt0.o' -msys-lib=hal_bsp -L../finalproject_bsp/   -Wl,-Map=finalproject.map   -O0 -g -Wall   -mno-hw-div -mno-hw-mul -mno-hw-mulx -mgpopt=global  -o finalproject.elf obj/default/main.o obj/default/text_mode_vga_color.o -lm -msys-lib=m
../finalproject_bsp/\libhal_bsp.a(alt_main.o): In function `alt_main':
C:\Users\aryan\Downloads\finalproject\software\finalproject_bsp/HAL/src/alt_main.c:91: undefined reference to `alt_irq_init'
C:\Users\aryan\Downloads\finalproject\software\finalproject_bsp/HAL/src/alt_main.c:107: undefined reference to `alt_sys_init'
collect2.exe: error: ld returned 1 exit status
make: *** [finalproject.elf] Error 1

01:44:37 Build Finished (took 3s.649ms)

